<?xml version="1.0" encoding="UTF-8"?>
<!-- Generated by org.testng.reporters.JUnitReportReporter -->
<testsuite hostname="DESKTOP-VO7LGM5" failures="0" tests="1" name="xml_to_excel_data_provider_excel.Base_script3" time="0.679" errors="0" timestamp="2022-07-20T15:03:11 IST" skipped="0">
  <testcase classname="xml_to_excel_data_provider_excel.Base_script3" name="login" time="0.679"/>
  <system-out/>
</testsuite> <!-- xml_to_excel_data_provider_excel.Base_script3 -->
