<?xml version="1.0" encoding="UTF-8"?>
<!-- Generated by org.testng.reporters.JUnitReportReporter -->
<testsuite hostname="DESKTOP-VO7LGM5" failures="0" tests="1" name="elf_5_test_script.passport_dot_seva" time="19.935" errors="0" timestamp="2022-07-14T15:38:07 IST" skipped="0">
  <testcase classname="elf_5_test_script.passport_dot_seva" name="test" time="19.935"/>
  <system-out/>
</testsuite> <!-- elf_5_test_script.passport_dot_seva -->
