<?xml version="1.0" encoding="UTF-8"?>
<!-- Generated by org.testng.reporters.JUnitReportReporter -->
<testsuite hostname="DESKTOP-VO7LGM5" failures="0" tests="1" name="Configuration_annotation.warning_messages" time="41.523" errors="0" timestamp="2022-11-09T16:07:17 IST" skipped="0">
  <testcase classname="Configuration_annotation.warning_messages" name="LoginToApp" time="41.523"/>
  <system-out/>
</testsuite> <!-- Configuration_annotation.warning_messages -->
