<?xml version="1.0" encoding="UTF-8"?>
<!-- Generated by org.testng.reporters.JUnitReportReporter -->
<testsuite hostname="DESKTOP-VO7LGM5" failures="0" tests="2" name="Testng.testingbasicprog" time="0.013" errors="0" timestamp="2022-07-12T12:32:38 IST" skipped="0">
  <testcase classname="Testng.testingbasicprog" name="test1" time="0.002"/>
  <system-out>
    <![CDATA[to ladakh]]>
  </system-out>
  <testcase classname="Testng.testingbasicprog" name="test" time="0.011"/>
  <system-out>
    <![CDATA[long ride]]>
  </system-out>
</testsuite> <!-- Testng.testingbasicprog -->
