<?xml version="1.0" encoding="UTF-8"?>
<!-- Generated by org.testng.reporters.JUnitReportReporter -->
<testsuite hostname="DESKTOP-VO7LGM5" failures="0" tests="1" name="elf.multiple_testNG" time="60.888" errors="0" timestamp="2022-07-12T15:43:12 IST" skipped="0">
  <testcase classname="elf.multiple_testNG" name="demo" time="60.888"/>
  <system-out/>
</testsuite> <!-- elf.multiple_testNG -->
