<?xml version="1.0" encoding="UTF-8"?>
<!-- Generated by org.testng.reporters.JUnitReportReporter -->
<testsuite hostname="DESKTOP-VO7LGM5" failures="0" tests="3" name="data_provider.TC_Demo_login_002" time="46.739" errors="0" timestamp="2023-02-21T10:43:38 IST" skipped="0">
  <testcase classname="data_provider.TC_Demo_login_002" name="loginWithMultipleCredentials" time="11.690"/>
  <system-out/>
  <testcase classname="data_provider.TC_Demo_login_002" name="loginWithMultipleCredentials" time="20.339"/>
  <system-out/>
  <testcase classname="data_provider.TC_Demo_login_002" name="loginWithMultipleCredentials" time="14.710"/>
  <system-out/>
</testsuite> <!-- data_provider.TC_Demo_login_002 -->
