<?xml version="1.0" encoding="UTF-8"?>
<!-- Generated by org.testng.reporters.JUnitReportReporter -->
<testsuite hostname="DESKTOP-VO7LGM5" failures="0" tests="1" name="REDIFF_assignment_mail.Rediff_assignment" time="48.499" errors="0" timestamp="2023-02-21T15:25:07 IST" skipped="0">
  <testcase classname="REDIFF_assignment_mail.Rediff_assignment" name="scriptFlow" time="48.499"/>
  <system-out/>
</testsuite> <!-- REDIFF_assignment_mail.Rediff_assignment -->
