<?xml version="1.0" encoding="UTF-8"?>
<!-- Generated by org.testng.reporters.JUnitReportReporter -->
<testsuite hostname="DESKTOP-VO7LGM5" failures="0" tests="1" name="Configuration_annotation.Login_script" time="30.299" errors="0" timestamp="2023-02-21T12:05:33 IST" skipped="0">
  <testcase classname="Configuration_annotation.Login_script" name="createTimeTrack" time="30.299"/>
  <system-out/>
</testsuite> <!-- Configuration_annotation.Login_script -->
