<?xml version="1.0" encoding="UTF-8"?>
<!-- Generated by org.testng.reporters.JUnitReportReporter -->
<testsuite hostname="DESKTOP-VO7LGM5" failures="0" tests="1" name="Configuration_annotation.Login_script" time="3.174" errors="0" timestamp="2022-07-15T17:19:24 IST" skipped="0">
  <testcase classname="Configuration_annotation.Login_script" name="createTimeTrack" time="3.174"/>
  <system-out/>
</testsuite> <!-- Configuration_annotation.Login_script -->
