<?xml version="1.0" encoding="UTF-8"?>
<!-- Generated by org.testng.reporters.JUnitReportReporter -->
<testsuite hostname="DESKTOP-VO7LGM5" failures="0" tests="2" name="data_provider.TC_demo_loign_001" time="39.766" errors="0" timestamp="2022-07-14T17:08:48 IST" skipped="0">
  <testcase classname="data_provider.TC_demo_loign_001" name="loginWithMultipleCredentials" time="19.996"/>
  <system-out/>
  <testcase classname="data_provider.TC_demo_loign_001" name="loginWithMultipleCredentials" time="19.770"/>
  <system-out/>
</testsuite> <!-- data_provider.TC_demo_loign_001 -->
