<?xml version="1.0" encoding="UTF-8"?>
<!-- Generated by org.testng.reporters.JUnitReportReporter -->
<testsuite hostname="DESKTOP-VO7LGM5" failures="0" tests="1" name="elf_5_test_script.goiabibi" time="50.674" errors="0" timestamp="2022-07-12T17:20:23 IST" skipped="0">
  <testcase classname="elf_5_test_script.goiabibi" name="test" time="50.674"/>
  <system-out/>
</testsuite> <!-- elf_5_test_script.goiabibi -->
