<?xml version="1.0" encoding="UTF-8"?>
<!-- Generated by org.testng.reporters.JUnitReportReporter -->
<testsuite hostname="DESKTOP-VO7LGM5" failures="0" tests="1" name="Before_annotation_method.Test_method" time="0.007" errors="0" timestamp="2022-07-15T13:05:45 IST" skipped="0">
  <testcase classname="Before_annotation_method.Test_method" name="CreateTimeTeack" time="0.007"/>
  <system-out>
    <![CDATA[From the test case]]>
  </system-out>
</testsuite> <!-- Before_annotation_method.Test_method -->
