<?xml version="1.0" encoding="UTF-8"?>
<!-- Generated by org.testng.reporters.JUnitReportReporter -->
<testsuite hostname="DESKTOP-VO7LGM5" failures="0" tests="2" name="data_provider.TC_demo_loign_001" time="29.671" errors="0" timestamp="2023-02-21T10:28:34 IST" skipped="0">
  <testcase classname="data_provider.TC_demo_loign_001" name="loginWithMultipleCredentials" time="18.842"/>
  <system-out/>
  <testcase classname="data_provider.TC_demo_loign_001" name="loginWithMultipleCredentials" time="10.829"/>
  <system-out/>
</testsuite> <!-- data_provider.TC_demo_loign_001 -->
