<?xml version="1.0" encoding="UTF-8"?>
<!-- Generated by org.testng.reporters.JUnitReportReporter -->
<testsuite hostname="DESKTOP-VO7LGM5" failures="0" tests="3" name="data_provider.TC_Demo_login_002" time="69.273" errors="0" timestamp="2022-07-15T14:48:09 IST" skipped="0">
  <testcase classname="data_provider.TC_Demo_login_002" name="loginWithMultipleCredentials" time="23.925"/>
  <system-out/>
  <testcase classname="data_provider.TC_Demo_login_002" name="loginWithMultipleCredentials" time="16.486"/>
  <system-out/>
  <testcase classname="data_provider.TC_Demo_login_002" name="loginWithMultipleCredentials" time="28.862"/>
  <system-out/>
</testsuite> <!-- data_provider.TC_Demo_login_002 -->
