<?xml version="1.0" encoding="UTF-8"?>
<!-- Generated by org.testng.reporters.JUnitReportReporter -->
<testsuite hostname="DESKTOP-VO7LGM5" failures="0" tests="7" name="basictestscipt.login_script" time="0.016" errors="0" timestamp="2022-06-18T23:06:24 IST" skipped="1">
  <testcase classname="basictestscipt.login_script" name="signup" time="0.011"/>
  <system-out/>
  <testcase classname="basictestscipt.login_script" name="signup" time="0.001"/>
  <system-out/>
  <testcase classname="basictestscipt.login_script" name="signup" time="0.000"/>
  <system-out/>
  <testcase classname="basictestscipt.login_script" name="login" time="0.001"/>
  <system-out/>
  <testcase classname="basictestscipt.login_script" name="login" time="0.001"/>
  <system-out/>
  <testcase classname="basictestscipt.login_script" name="notification" time="0.002"/>
  <system-out/>
  <testcase classname="basictestscipt.login_script" name="logout">
    <skipped/>
  </testcase> <!-- logout -->
  <system-out/>
</testsuite> <!-- basictestscipt.login_script -->
