<?xml version="1.0" encoding="UTF-8"?>
<!-- Generated by org.testng.reporters.JUnitReportReporter -->
<testsuite hostname="DESKTOP-VO7LGM5" failures="0" tests="1" name="pom.testscript_flow" time="65.670" errors="0" timestamp="2022-10-04T11:28:22 IST" skipped="0">
  <testcase classname="pom.testscript_flow" name="testscript" time="65.670"/>
  <system-out/>
</testsuite> <!-- pom.testscript_flow -->
