<?xml version="1.0" encoding="UTF-8"?>
<!-- Generated by org.testng.reporters.JUnitReportReporter -->
<testsuite hostname="DESKTOP-VO7LGM5" failures="0" tests="11" name="elf.TestNG" time="130.754" errors="0" timestamp="2022-07-12T13:44:58 IST" skipped="0">
  <testcase classname="elf.TestNG" name="first" time="0.001"/>
  <system-out>
    <![CDATA[from first list page]]>
  </system-out>
  <testcase classname="elf.TestNG" name="first" time="0.011"/>
  <system-out>
    <![CDATA[from first list page]]>
  </system-out>
  <testcase classname="elf.TestNG" name="first" time="0.001"/>
  <system-out>
    <![CDATA[from first list page]]>
  </system-out>
  <testcase classname="elf.TestNG" name="second" time="0.002"/>
  <system-out>
    <![CDATA[from second list page]]>
  </system-out>
  <testcase classname="elf.TestNG" name="second" time="0.002"/>
  <system-out>
    <![CDATA[from second list page]]>
  </system-out>
  <testcase classname="elf.TestNG" name="second" time="0.001"/>
  <system-out>
    <![CDATA[from second list page]]>
  </system-out>
  <testcase classname="elf.TestNG" name="second" time="0.001"/>
  <system-out>
    <![CDATA[from second list page]]>
  </system-out>
  <testcase classname="elf.TestNG" name="third" time="130.731"/>
  <system-out>
    <![CDATA[from third list page]]>
  </system-out>
  <testcase classname="elf.TestNG" name="sample" time="0.001"/>
  <system-out>
    <![CDATA[from sample list page]]>
  </system-out>
  <testcase classname="elf.TestNG" name="demo" time="0.002"/>
  <system-out>
    <![CDATA[from demo list page]]>
  </system-out>
  <testcase classname="elf.TestNG" name="demo" time="0.001"/>
  <system-out>
    <![CDATA[from demo list page]]>
  </system-out>
</testsuite> <!-- elf.TestNG -->
