<?xml version="1.0" encoding="UTF-8"?>
<!-- Generated by org.testng.reporters.JUnitReportReporter -->
<testsuite hostname="DESKTOP-VO7LGM5" failures="0" tests="1" name="elf_5_test_script.allibaba" time="17.698" errors="0" timestamp="2022-07-14T15:38:07 IST" skipped="0">
  <testcase classname="elf_5_test_script.allibaba" name="demo" time="17.698"/>
  <system-out/>
</testsuite> <!-- elf_5_test_script.allibaba -->
