<?xml version="1.0" encoding="UTF-8"?>
<!-- Generated by org.testng.reporters.JUnitReportReporter -->
<testsuite hostname="DESKTOP-VO7LGM5" failures="0" tests="3" name="data_provider.ReadDataFromDiffarentPackageDataProvider" time="0.010" errors="0" timestamp="2022-07-14T18:02:33 IST" skipped="0">
  <testcase classname="data_provider.ReadDataFromDiffarentPackageDataProvider" name="demo" time="0.001"/>
  <system-out/>
  <testcase classname="data_provider.ReadDataFromDiffarentPackageDataProvider" name="demo" time="0.001"/>
  <system-out/>
  <testcase classname="data_provider.ReadDataFromDiffarentPackageDataProvider" name="demo" time="0.008"/>
  <system-out/>
</testsuite> <!-- data_provider.ReadDataFromDiffarentPackageDataProvider -->
