<?xml version="1.0" encoding="UTF-8"?>
<!-- Generated by org.testng.reporters.JUnitReportReporter -->
<testsuite hostname="DESKTOP-VO7LGM5" failures="0" tests="1" name="capter_screen_shot.Base_Test1" time="27.890" errors="0" timestamp="2023-02-08T10:53:47 IST" skipped="0">
  <testcase classname="capter_screen_shot.Base_Test1" name="Browser_Setup" time="27.890"/>
  <system-out/>
</testsuite> <!-- capter_screen_shot.Base_Test1 -->
