<?xml version="1.0" encoding="UTF-8"?>
<!-- Generated by org.testng.reporters.JUnitReportReporter -->
<testsuite hostname="DESKTOP-VO7LGM5" failures="0" tests="5" name="data_provider.demoWebshop_multiple_user" time="122.213" errors="0" timestamp="2023-02-21T10:39:33 IST" skipped="0">
  <testcase classname="data_provider.demoWebshop_multiple_user" name="LoginWithMultipleCredentials" time="14.577"/>
  <system-out/>
  <testcase classname="data_provider.demoWebshop_multiple_user" name="LoginWithMultipleCredentials" time="37.208"/>
  <system-out/>
  <testcase classname="data_provider.demoWebshop_multiple_user" name="LoginWithMultipleCredentials" time="14.767"/>
  <system-out/>
  <testcase classname="data_provider.demoWebshop_multiple_user" name="LoginWithMultipleCredentials" time="38.408"/>
  <system-out/>
  <testcase classname="data_provider.demoWebshop_multiple_user" name="LoginWithMultipleCredentials" time="17.253"/>
  <system-out/>
</testsuite> <!-- data_provider.demoWebshop_multiple_user -->
