<?xml version="1.0" encoding="UTF-8"?>
<!-- Generated by org.testng.reporters.JUnitReportReporter -->
<testsuite hostname="DESKTOP-VO7LGM5" failures="0" tests="1" name="POM_ELF37.TC_SR_USERS_" time="16.337" errors="0" timestamp="2022-12-08T12:57:56 IST" skipped="0">
  <testcase classname="POM_ELF37.TC_SR_USERS_" name="createUsers" time="16.337"/>
  <system-out/>
</testsuite> <!-- POM_ELF37.TC_SR_USERS_ -->
