<?xml version="1.0" encoding="UTF-8"?>
<!-- Generated by org.testng.reporters.JUnitReportReporter -->
<testsuite skipped="0" hostname="DESKTOP-VO7LGM5" name="mvn_parameter.browser_luanch" tests="1" failures="0" timestamp="2022-08-01T18:14:21 IST" time="0.005" errors="0">
  <testcase name="LoginPage" time="0.005" classname="mvn_parameter.browser_luanch"/>
  <system-out/>
</testsuite> <!-- mvn_parameter.browser_luanch -->
