<?xml version="1.0" encoding="UTF-8"?>
<!-- Generated by org.testng.reporters.JUnitReportReporter -->
<testsuite skipped="0" hostname="DESKTOP-VO7LGM5" name="testCase.TC_KAlkifashion_002_Test" tests="1" failures="0" timestamp="2022-12-20T11:33:47 IST" time="16.853" errors="0">
  <testcase name="login" time="16.853" classname="testCase.TC_KAlkifashion_002_Test"/>
  <system-out/>
</testsuite> <!-- testCase.TC_KAlkifashion_002_Test -->
