<?xml version="1.0" encoding="UTF-8"?>
<!-- Generated by org.testng.reporters.JUnitReportReporter -->
<testsuite skipped="0" hostname="DESKTOP-VO7LGM5" name="testCase.TC_kalkiFash_003_Test" tests="1" failures="0" timestamp="2022-12-20T11:33:47 IST" time="9.056" errors="0">
  <testcase name="login" time="9.056" classname="testCase.TC_kalkiFash_003_Test"/>
  <system-out/>
</testsuite> <!-- testCase.TC_kalkiFash_003_Test -->
