<?xml version="1.0" encoding="UTF-8"?>
<!-- Generated by org.testng.reporters.JUnitReportReporter -->
<testsuite skipped="0" hostname="DESKTOP-VO7LGM5" name="testCase.TC_Kalkifashion_004_Test" tests="1" failures="0" timestamp="2022-12-20T11:33:47 IST" time="7.113" errors="0">
  <testcase name="login" time="7.113" classname="testCase.TC_Kalkifashion_004_Test"/>
  <system-out/>
</testsuite> <!-- testCase.TC_Kalkifashion_004_Test -->
