<?xml version="1.0" encoding="UTF-8"?>
<!-- Generated by org.testng.reporters.JUnitReportReporter -->
<testsuite skipped="0" hostname="DESKTOP-VO7LGM5" name="tasks.TC_NaukridotCom_001_Test" tests="1" failures="0" timestamp="2022-08-03T14:37:12 IST" time="30.509" errors="0">
  <testcase name="ScriptFlow" time="30.509" classname="tasks.TC_NaukridotCom_001_Test"/>
  <system-out/>
</testsuite> <!-- tasks.TC_NaukridotCom_001_Test -->
