<?xml version="1.0" encoding="UTF-8"?>
<!-- Generated by org.testng.reporters.JUnitReportReporter -->
<testsuite hostname="DESKTOP-VO7LGM5" failures="0" tests="1" name="tasks.TC_NaukridotCom_001_Test" time="29.387" errors="0" timestamp="2022-08-03T14:32:56 IST" skipped="0">
  <testcase classname="tasks.TC_NaukridotCom_001_Test" name="ScriptFlow" time="29.387"/>
  <system-out/>
</testsuite> <!-- tasks.TC_NaukridotCom_001_Test -->
