<?xml version="1.0" encoding="UTF-8"?>
<!-- Generated by org.testng.reporters.JUnitReportReporter -->
<testsuite hostname="DESKTOP-VO7LGM5" failures="0" tests="1" name="mvn_parameter.browser_luanch" time="0.013" errors="0" timestamp="2022-08-02T09:36:45 IST" skipped="0">
  <testcase classname="mvn_parameter.browser_luanch" name="LoginPage" time="0.013"/>
  <system-out/>
</testsuite> <!-- mvn_parameter.browser_luanch -->
