<?xml version="1.0" encoding="UTF-8"?>
<!-- Generated by org.testng.reporters.JUnitReportReporter -->
<testsuite hostname="DESKTOP-VO7LGM5" failures="0" tests="1" name="testCase.TC_KAlkifashion_002_Test" time="60.701" errors="0" timestamp="2022-08-03T14:57:09 IST" skipped="0">
  <testcase classname="testCase.TC_KAlkifashion_002_Test" name="login" time="60.701"/>
  <system-out/>
</testsuite> <!-- testCase.TC_KAlkifashion_002_Test -->
