<?xml version="1.0" encoding="UTF-8"?>
<!-- Generated by org.testng.reporters.JUnitReportReporter -->
<testsuite hostname="DESKTOP-VO7LGM5" failures="0" tests="1" name="testCase.TC_Kalkifashion_004_Test" time="29.872" errors="0" timestamp="2022-07-29T17:06:19 IST" skipped="0">
  <testcase classname="testCase.TC_Kalkifashion_004_Test" name="login" time="29.872"/>
  <system-out/>
</testsuite> <!-- testCase.TC_Kalkifashion_004_Test -->
