<?xml version="1.0" encoding="UTF-8"?>
<!-- Generated by org.testng.reporters.JUnitReportReporter -->
<testsuite skipped="0" hostname="DESKTOP-VO7LGM5" name="testCase.TC_KalkiFash_001_Test" tests="1" failures="0" timestamp="2022-12-16T10:27:51 IST" time="38.674" errors="0">
  <testcase name="Login" time="38.674" classname="testCase.TC_KalkiFash_001_Test"/>
  <system-out/>
</testsuite> <!-- testCase.TC_KalkiFash_001_Test -->
