<?xml version="1.0" encoding="UTF-8"?>
<!-- Generated by org.testng.reporters.JUnitReportReporter -->
<testsuite skipped="0" hostname="DESKTOP-VO7LGM5" name="mvn_parameter.TestCases_into_automation_script" tests="1" failures="0" timestamp="2022-12-20T11:30:50 IST" time="35.225" errors="0">
  <testcase name="Login" time="35.225" classname="mvn_parameter.TestCases_into_automation_script"/>
  <system-out>
    <![CDATA[url is triggered]]>
  </system-out>
</testsuite> <!-- mvn_parameter.TestCases_into_automation_script -->
