<?xml version="1.0" encoding="UTF-8"?>
<!-- Generated by org.testng.reporters.JUnitReportReporter -->
<testsuite skipped="0" hostname="DESKTOP-VO7LGM5" name="tasks.TC_NaukridotCom_001_Test" tests="1" failures="0" timestamp="2022-12-16T10:28:38 IST" time="28.223" errors="0">
  <testcase name="ScriptFlow" time="28.223" classname="tasks.TC_NaukridotCom_001_Test"/>
  <system-out/>
</testsuite> <!-- tasks.TC_NaukridotCom_001_Test -->
