<?xml version="1.0" encoding="UTF-8"?>
<!-- Generated by org.testng.reporters.JUnitReportReporter -->
<testsuite hostname="DESKTOP-VO7LGM5" failures="0" tests="1" name="testCase.TC_kalkiFash_003_Test" time="33.849" errors="0" timestamp="2022-07-29T17:06:19 IST" skipped="0">
  <testcase classname="testCase.TC_kalkiFash_003_Test" name="login" time="33.849"/>
  <system-out/>
</testsuite> <!-- testCase.TC_kalkiFash_003_Test -->
